This file contains any messages produced by compilers while
running configure, to aid debugging if configure makes a mistake.

It was created by xether configure v1.1b, which was
generated by GNU Autoconf 2.54.  Invocation command line was

  $ ./configure 

## --------- ##
## Platform. ##
## --------- ##

hostname = foo.bar.com
uname -m = i386
uname -r = 4.1
uname -s = OpenBSD
uname -v = CUSTOM#10

/usr/bin/uname -p = Intel Pentium/MMX ("GenuineIntel" 586-class)
/bin/uname -X     = unknown

/bin/arch              = unknown
/usr/bin/arch -k       = OpenBSD.i386
/usr/convex/getsysinfo = unknown
hostinfo               = unknown
/bin/machine           = unknown
/usr/bin/oslevel       = unknown
/bin/universe          = unknown

PATH: /usr/bin
PATH: /bin
PATH: /usr/sbin
PATH: /sbin
PATH: /usr/X11R6/bin
PATH: /usr/local/bin


## ----------- ##
## Core tests. ##
## ----------- ##

configure:1287: checking for gcc
configure:1303: found /usr/bin/gcc
configure:1313: result: gcc
configure:1555: checking for C compiler version
configure:1558: gcc --version </dev/null >&5
gcc (GCC) 3.3.5 (propolice)
Copyright (C) 2003 Free Software Foundation, Inc.
This is free software; see the source for copying conditions.  There is NO
warranty; not even for MERCHANTABILITY or FITNESS FOR A PARTICULAR PURPOSE.

configure:1561: $? = 0
configure:1563: gcc -v </dev/null >&5
Reading specs from /usr/lib/gcc-lib/i386-unknown-openbsd4.1/3.3.5/specs
Configured with: 
Thread model: single
gcc version 3.3.5 (propolice)
configure:1566: $? = 0
configure:1568: gcc -V </dev/null >&5
gcc: `-V' option must have argument
configure:1571: $? = 1
configure:1591: checking for C compiler default output
configure:1594: gcc    conftest.c  >&5
configure:1597: $? = 0
configure:1631: result: a.out
configure:1636: checking whether the C compiler works
configure:1642: ./a.out
configure:1645: $? = 0
configure:1660: result: yes
configure:1667: checking whether we are cross compiling
configure:1669: result: no
configure:1672: checking for suffix of executables
configure:1674: gcc -o conftest    conftest.c  >&5
configure:1677: $? = 0
configure:1700: result: 
configure:1706: checking for suffix of object files
configure:1724: gcc -c   conftest.c >&5
configure:1727: $? = 0
configure:1746: result: o
configure:1750: checking whether we are using the GNU C compiler
configure:1771: gcc -c   conftest.c >&5
configure:1774: $? = 0
configure:1777: test -s conftest.o
configure:1780: $? = 0
configure:1792: result: yes
configure:1798: checking whether gcc accepts -g
configure:1816: gcc -c -g  conftest.c >&5
configure:1819: $? = 0
configure:1822: test -s conftest.o
configure:1825: $? = 0
configure:1835: result: yes
configure:1852: checking for gcc option to accept ANSI C
configure:1909: gcc  -c -g -O2  conftest.c >&5
configure:1912: $? = 0
configure:1915: test -s conftest.o
configure:1918: $? = 0
configure:1935: result: none needed
configure:1953: gcc -c -g -O2  conftest.c >&5
conftest.c:2: error: syntax error before "me"
configure:1956: $? = 1
configure: failed program was:
#ifndef __cplusplus
  choke me
#endif
configure:2054: checking whether ln -s works
configure:2058: result: yes
configure:2065: checking whether make sets ${MAKE}
configure:2085: result: yes
configure:2135: checking for ranlib
configure:2151: found /usr/bin/ranlib
configure:2162: result: ranlib
configure:2211: checking for a BSD-compatible install
configure:2265: result: /usr/bin/install -c
configure:2286: checking how to run the C preprocessor
configure:2312: gcc -E  conftest.c
configure:2318: $? = 0
configure:2345: gcc -E  conftest.c
configure:2341:28: ac_nonexistent.h: No such file or directory
configure:2351: $? = 1
configure: failed program was:
#line 2340 "configure"
#include "confdefs.h"
#include <ac_nonexistent.h>
configure:2388: result: gcc -E
configure:2403: gcc -E  conftest.c
configure:2409: $? = 0
configure:2436: gcc -E  conftest.c
configure:2432:28: ac_nonexistent.h: No such file or directory
configure:2442: $? = 1
configure: failed program was:
#line 2431 "configure"
#include "confdefs.h"
#include <ac_nonexistent.h>
configure:2482: checking for egrep
configure:2492: result: grep -E
configure:2497: checking for ANSI C header files
configure:2511: gcc -E  conftest.c
configure:2517: $? = 0
configure:2604: gcc -o conftest -g -O2   conftest.c  >&5
configure:2607: $? = 0
configure:2609: ./conftest
configure:2612: $? = 0
configure:2626: result: yes
configure:2650: checking for sys/types.h
configure:2663: gcc -c -g -O2  conftest.c >&5
configure:2666: $? = 0
configure:2669: test -s conftest.o
configure:2672: $? = 0
configure:2682: result: yes
configure:2650: checking for sys/stat.h
configure:2663: gcc -c -g -O2  conftest.c >&5
configure:2666: $? = 0
configure:2669: test -s conftest.o
configure:2672: $? = 0
configure:2682: result: yes
configure:2650: checking for stdlib.h
configure:2663: gcc -c -g -O2  conftest.c >&5
configure:2666: $? = 0
configure:2669: test -s conftest.o
configure:2672: $? = 0
configure:2682: result: yes
configure:2650: checking for string.h
configure:2663: gcc -c -g -O2  conftest.c >&5
configure:2666: $? = 0
configure:2669: test -s conftest.o
configure:2672: $? = 0
configure:2682: result: yes
configure:2650: checking for memory.h
configure:2663: gcc -c -g -O2  conftest.c >&5
configure:2666: $? = 0
configure:2669: test -s conftest.o
configure:2672: $? = 0
configure:2682: result: yes
configure:2650: checking for strings.h
configure:2663: gcc -c -g -O2  conftest.c >&5
configure:2666: $? = 0
configure:2669: test -s conftest.o
configure:2672: $? = 0
configure:2682: result: yes
configure:2650: checking for inttypes.h
configure:2663: gcc -c -g -O2  conftest.c >&5
configure:2666: $? = 0
configure:2669: test -s conftest.o
configure:2672: $? = 0
configure:2682: result: yes
configure:2650: checking for stdint.h
configure:2663: gcc -c -g -O2  conftest.c >&5
configure:2666: $? = 0
configure:2669: test -s conftest.o
configure:2672: $? = 0
configure:2682: result: yes
configure:2650: checking for unistd.h
configure:2663: gcc -c -g -O2  conftest.c >&5
configure:2666: $? = 0
configure:2669: test -s conftest.o
configure:2672: $? = 0
configure:2682: result: yes
configure:2710: checking for stdint.h
configure:2715: result: yes
configure:2719: checking sys/inttypes.h usability
configure:2728: gcc -c -g -O2  conftest.c >&5
configure:2756:26: sys/inttypes.h: No such file or directory
configure:2731: $? = 1
configure: failed program was:
#line 2721 "configure"
#include "confdefs.h"
#include <stdio.h>
#if HAVE_SYS_TYPES_H
# include <sys/types.h>
#endif
#if HAVE_SYS_STAT_H
# include <sys/stat.h>
#endif
#if STDC_HEADERS
# include <stdlib.h>
# include <stddef.h>
#else
# if HAVE_STDLIB_H
#  include <stdlib.h>
# endif
#endif
#if HAVE_STRING_H
# if !STDC_HEADERS && HAVE_MEMORY_H
#  include <memory.h>
# endif
# include <string.h>
#endif
#if HAVE_STRINGS_H
# include <strings.h>
#endif
#if HAVE_INTTYPES_H
# include <inttypes.h>
#else
# if HAVE_STDINT_H
#  include <stdint.h>
# endif
#endif
#if HAVE_UNISTD_H
# include <unistd.h>
#endif
#include <sys/inttypes.h>
configure:2746: result: no
configure:2750: checking sys/inttypes.h presence
configure:2757: gcc -E  conftest.c
configure:2753:26: sys/inttypes.h: No such file or directory
configure:2763: $? = 1
configure: failed program was:
#line 2752 "configure"
#include "confdefs.h"
#include <sys/inttypes.h>
configure:2781: result: no
configure:2799: checking for sys/inttypes.h
configure:2806: result: no
configure:2719: checking arpa/inet.h usability
configure:2728: gcc -c -g -O2  conftest.c >&5
configure:2731: $? = 0
configure:2734: test -s conftest.o
configure:2737: $? = 0
configure:2746: result: yes
configure:2750: checking arpa/inet.h presence
configure:2757: gcc -E  conftest.c
configure:2763: $? = 0
configure:2781: result: yes
configure:2799: checking for arpa/inet.h
configure:2806: result: yes
configure:2719: checking netinet/in.h usability
configure:2728: gcc -c -g -O2  conftest.c >&5
configure:2731: $? = 0
configure:2734: test -s conftest.o
configure:2737: $? = 0
configure:2746: result: yes
configure:2750: checking netinet/in.h presence
configure:2757: gcc -E  conftest.c
configure:2763: $? = 0
configure:2781: result: yes
configure:2799: checking for netinet/in.h
configure:2806: result: yes
configure:2710: checking for stdlib.h
configure:2715: result: yes
configure:2710: checking for string.h
configure:2715: result: yes
configure:2719: checking sys/param.h usability
configure:2728: gcc -c -g -O2  conftest.c >&5
configure:2731: $? = 0
configure:2734: test -s conftest.o
configure:2737: $? = 0
configure:2746: result: yes
configure:2750: checking sys/param.h presence
configure:2757: gcc -E  conftest.c
configure:2763: $? = 0
configure:2781: result: yes
configure:2799: checking for sys/param.h
configure:2806: result: yes
configure:2719: checking sys/socket.h usability
configure:2728: gcc -c -g -O2  conftest.c >&5
configure:2731: $? = 0
configure:2734: test -s conftest.o
configure:2737: $? = 0
configure:2746: result: yes
configure:2750: checking sys/socket.h presence
configure:2757: gcc -E  conftest.c
configure:2763: $? = 0
configure:2781: result: yes
configure:2799: checking for sys/socket.h
configure:2806: result: yes
configure:2719: checking sys/sockio.h usability
configure:2728: gcc -c -g -O2  conftest.c >&5
configure:2731: $? = 0
configure:2734: test -s conftest.o
configure:2737: $? = 0
configure:2746: result: yes
configure:2750: checking sys/sockio.h presence
configure:2757: gcc -E  conftest.c
configure:2763: $? = 0
configure:2781: result: yes
configure:2799: checking for sys/sockio.h
configure:2806: result: yes
configure:2710: checking for unistd.h
configure:2715: result: yes
configure:2719: checking sys/ioctl.h usability
configure:2728: gcc -c -g -O2  conftest.c >&5
configure:2731: $? = 0
configure:2734: test -s conftest.o
configure:2737: $? = 0
configure:2746: result: yes
configure:2750: checking sys/ioctl.h presence
configure:2757: gcc -E  conftest.c
configure:2763: $? = 0
configure:2781: result: yes
configure:2799: checking for sys/ioctl.h
configure:2806: result: yes
configure:2719: checking net/if_dl.h usability
configure:2728: gcc -c -g -O2  conftest.c >&5
configure:2731: $? = 0
configure:2734: test -s conftest.o
configure:2737: $? = 0
configure:2746: result: yes
configure:2750: checking net/if_dl.h presence
configure:2757: gcc -E  conftest.c
configure:2763: $? = 0
configure:2781: result: yes
configure:2799: checking for net/if_dl.h
configure:2806: result: yes
configure:2821: checking for an ANSI C-conforming const
configure:2885: gcc -c -g -O2  conftest.c >&5
configure:2888: $? = 0
configure:2891: test -s conftest.o
configure:2894: $? = 0
configure:2904: result: yes
configure:2914: checking for size_t
configure:2935: gcc -c -g -O2  conftest.c >&5
configure:2938: $? = 0
configure:2941: test -s conftest.o
configure:2944: $? = 0
configure:2954: result: yes
configure:2975: checking for sysctl
configure:3012: gcc -o conftest -g -O2   conftest.c  >&5
configure:3015: $? = 0
configure:3018: test -s conftest
configure:3021: $? = 0
configure:3031: result: yes
configure:2975: checking for inet_ntoa
configure:3012: gcc -o conftest -g -O2   conftest.c  >&5
configure:3015: $? = 0
configure:3018: test -s conftest
configure:3021: $? = 0
configure:3031: result: yes
configure:2975: checking for memset
configure:3012: gcc -o conftest -g -O2   conftest.c  >&5
configure:2990: warning: conflicting types for built-in function `memset'
configure:3015: $? = 0
configure:3018: test -s conftest
configure:3021: $? = 0
configure:3031: result: yes
configure:2975: checking for socket
configure:3012: gcc -o conftest -g -O2   conftest.c  >&5
configure:3015: $? = 0
configure:3018: test -s conftest
configure:3021: $? = 0
configure:3031: result: yes
configure:3139: creating ./config.status

## ---------------------- ##
## Running config.status. ##
## ---------------------- ##

This file was extended by xether config.status v1.1b, which was
generated by GNU Autoconf 2.54.  Invocation command line was

  CONFIG_FILES    = 
  CONFIG_HEADERS  = 
  CONFIG_LINKS    = 
  CONFIG_COMMANDS = 
  $ ./config.status 

on foo.bar.com

config.status:597: creating Makefile
config.status:597: creating makefile
config.status:701: creating config.h

## ---------------- ##
## Cache variables. ##
## ---------------- ##

ac_cv_c_compiler_gnu=yes
ac_cv_c_const=yes
ac_cv_env_CC_set=
ac_cv_env_CC_value=
ac_cv_env_CFLAGS_set=
ac_cv_env_CFLAGS_value=
ac_cv_env_CPPFLAGS_set=
ac_cv_env_CPPFLAGS_value=
ac_cv_env_CPP_set=
ac_cv_env_CPP_value=
ac_cv_env_LDFLAGS_set=
ac_cv_env_LDFLAGS_value=
ac_cv_env_build_alias_set=
ac_cv_env_build_alias_value=
ac_cv_env_host_alias_set=
ac_cv_env_host_alias_value=
ac_cv_env_target_alias_set=
ac_cv_env_target_alias_value=
ac_cv_exeext=
ac_cv_func_inet_ntoa=yes
ac_cv_func_memset=yes
ac_cv_func_socket=yes
ac_cv_func_sysctl=yes
ac_cv_header_arpa_inet_h=yes
ac_cv_header_inttypes_h=yes
ac_cv_header_memory_h=yes
ac_cv_header_net_if_dl_h=yes
ac_cv_header_netinet_in_h=yes
ac_cv_header_stdc=yes
ac_cv_header_stdint_h=yes
ac_cv_header_stdlib_h=yes
ac_cv_header_string_h=yes
ac_cv_header_strings_h=yes
ac_cv_header_sys_inttypes_h=no
ac_cv_header_sys_ioctl_h=yes
ac_cv_header_sys_param_h=yes
ac_cv_header_sys_socket_h=yes
ac_cv_header_sys_sockio_h=yes
ac_cv_header_sys_stat_h=yes
ac_cv_header_sys_types_h=yes
ac_cv_header_unistd_h=yes
ac_cv_objext=o
ac_cv_path_install='/usr/bin/install -c'
ac_cv_prog_CPP='gcc -E'
ac_cv_prog_ac_ct_CC=gcc
ac_cv_prog_ac_ct_RANLIB=ranlib
ac_cv_prog_cc_g=yes
ac_cv_prog_cc_stdc=
ac_cv_prog_egrep='grep -E'
ac_cv_prog_make_make_set=yes
ac_cv_type_size_t=yes

## ----------------- ##
## Output variables. ##
## ----------------- ##

CC='gcc'
CFLAGS='-g -O2'
CPP='gcc -E'
CPPFLAGS=''
DEFS='-DHAVE_CONFIG_H'
ECHO_C=''ECHO_N=''
ECHO_T=''
EGREP='grep -E'
EXEEXT=''
INSTALL_DATA='${INSTALL} -m 644'
INSTALL_PROGRAM='${INSTALL}'
INSTALL_SCRIPT='${INSTALL}'
LDFLAGS=''
LIBOBJS=''
LIBS=''
LN_S='ln -s'
LTLIBOBJS=''
OBJEXT='o'
PACKAGE_BUGREPORT='"http://www.enteract.com/~alam20"'
PACKAGE_NAME='xether'
PACKAGE_STRING='xether v1.1b'
PACKAGE_TARNAME='xether'
PACKAGE_VERSION='v1.1b'
PATH_SEPARATOR=':'
RANLIB='ranlib'
SET_MAKE=''
SHELL='/bin/sh'
ac_ct_CC='gcc'
ac_ct_RANLIB='ranlib'
bindir='${exec_prefix}/bin'
build_alias=''
datadir='${prefix}/share'
exec_prefix='${prefix}'
host_alias=''
includedir='${prefix}/include'
infodir='${prefix}/info'
libdir='${exec_prefix}/lib'
libexecdir='${exec_prefix}/libexec'
localstatedir='${prefix}/var'
mandir='${prefix}/man'
oldincludedir='/usr/include'
prefix='/usr/local'
program_transform_name='s,x,x,'
sbindir='${exec_prefix}/sbin'
sharedstatedir='${prefix}/com'
sysconfdir='${prefix}/etc'
target_alias=''

## ----------- ##
## confdefs.h. ##
## ----------- ##

#define HAVE_ARPA_INET_H 1
#define HAVE_INET_NTOA 1
#define HAVE_INTTYPES_H 1
#define HAVE_MEMORY_H 1
#define HAVE_MEMSET 1
#define HAVE_NETINET_IN_H 1
#define HAVE_NET_IF_DL_H 1
#define HAVE_SOCKET 1
#define HAVE_STDINT_H 1
#define HAVE_STDINT_H 1
#define HAVE_STDLIB_H 1
#define HAVE_STDLIB_H 1
#define HAVE_STRINGS_H 1
#define HAVE_STRING_H 1
#define HAVE_STRING_H 1
#define HAVE_SYSCTL 1
#define HAVE_SYS_IOCTL_H 1
#define HAVE_SYS_PARAM_H 1
#define HAVE_SYS_SOCKET_H 1
#define HAVE_SYS_SOCKIO_H 1
#define HAVE_SYS_STAT_H 1
#define HAVE_SYS_TYPES_H 1
#define HAVE_UNISTD_H 1
#define HAVE_UNISTD_H 1
#define PACKAGE_BUGREPORT ""http://www.enteract.com/~alam20""
#define PACKAGE_NAME "xether"
#define PACKAGE_STRING "xether v1.1b"
#define PACKAGE_TARNAME "xether"
#define PACKAGE_VERSION "v1.1b"
#define STDC_HEADERS 1

configure: exit 0
