2002.08.16 19:15 B c:\xether\include\datalink.h --> icarus.uic.edu /homes/home11/niffat1/xether/include datalink.h
2002.08.16 19:15 B c:\xether\include\ipaddr.h --> icarus.uic.edu /homes/home11/niffat1/xether/include ipaddr.h
2002.08.16 19:15 B c:\xether\include\macaddr.h --> icarus.uic.edu /homes/home11/niffat1/xether/include macaddr.h
2002.08.16 19:15 B c:\xether\include\types.h --> icarus.uic.edu /homes/home11/niffat1/xether/include types.h
2002.08.16 19:15 B c:\xether\include\xapp.h --> icarus.uic.edu /homes/home11/niffat1/xether/include xapp.h
2002.08.16 19:15 B c:\xether\include\xarp.h --> icarus.uic.edu /homes/home11/niffat1/xether/include xarp.h
2002.08.16 19:15 B c:\xether\include\xether.h --> icarus.uic.edu /homes/home11/niffat1/xether/include xether.h
2002.08.16 19:15 B c:\xether\include\xicmp.h --> icarus.uic.edu /homes/home11/niffat1/xether/include xicmp.h
2002.08.16 19:15 B c:\xether\include\xip.h --> icarus.uic.edu /homes/home11/niffat1/xether/include xip.h
2002.08.16 19:15 B c:\xether\include\xlayer.h --> icarus.uic.edu /homes/home11/niffat1/xether/include xlayer.h
2002.08.16 19:15 B c:\xether\include\xtcp.h --> icarus.uic.edu /homes/home11/niffat1/xether/include xtcp.h
2002.08.16 19:15 B c:\xether\include\xudp.h --> icarus.uic.edu /homes/home11/niffat1/xether/include xudp.h
2002.08.18 06:41 B c:\xether\include\datalink.h --> icarus.uic.edu /homes/home11/niffat1/xether/include datalink.h
2002.08.18 06:41 B c:\xether\include\ipaddr.h --> icarus.uic.edu /homes/home11/niffat1/xether/include ipaddr.h
2002.08.18 06:41 B c:\xether\include\macaddr.h --> icarus.uic.edu /homes/home11/niffat1/xether/include macaddr.h
2002.08.18 06:41 B c:\xether\include\types.h --> icarus.uic.edu /homes/home11/niffat1/xether/include types.h
2002.08.18 06:41 B c:\xether\include\WS_FTP.LOG --> icarus.uic.edu /homes/home11/niffat1/xether/include WS_FTP.LOG
2002.08.18 06:41 B c:\xether\include\xapp.h --> icarus.uic.edu /homes/home11/niffat1/xether/include xapp.h
2002.08.18 06:41 B c:\xether\include\xarp.h --> icarus.uic.edu /homes/home11/niffat1/xether/include xarp.h
2002.08.18 06:41 B c:\xether\include\xether.h --> icarus.uic.edu /homes/home11/niffat1/xether/include xether.h
2002.08.18 06:41 B c:\xether\include\xicmp.h --> icarus.uic.edu /homes/home11/niffat1/xether/include xicmp.h
2002.08.18 06:41 B c:\xether\include\xip.h --> icarus.uic.edu /homes/home11/niffat1/xether/include xip.h
2002.08.18 06:41 B c:\xether\include\xlayer.h --> icarus.uic.edu /homes/home11/niffat1/xether/include xlayer.h
2002.08.18 06:41 B c:\xether\include\xtcp.h --> icarus.uic.edu /homes/home11/niffat1/xether/include xtcp.h
2002.08.18 06:41 B c:\xether\include\xudp.h --> icarus.uic.edu /homes/home11/niffat1/xether/include xudp.h
2002.08.18 06:45 B c:\xether\include\datalink.h --> icarus.uic.edu /homes/home11/niffat1/xether/include datalink.h
2002.08.18 06:45 B c:\xether\include\ipaddr.h --> icarus.uic.edu /homes/home11/niffat1/xether/include ipaddr.h
2002.08.18 06:45 B c:\xether\include\macaddr.h --> icarus.uic.edu /homes/home11/niffat1/xether/include macaddr.h
2002.08.18 06:45 B c:\xether\include\types.h --> icarus.uic.edu /homes/home11/niffat1/xether/include types.h
2002.08.18 06:45 B c:\xether\include\WS_FTP.LOG --> icarus.uic.edu /homes/home11/niffat1/xether/include WS_FTP.LOG
2002.08.18 06:45 B c:\xether\include\xapp.h --> icarus.uic.edu /homes/home11/niffat1/xether/include xapp.h
2002.08.18 06:45 B c:\xether\include\xarp.h --> icarus.uic.edu /homes/home11/niffat1/xether/include xarp.h
2002.08.18 06:45 B c:\xether\include\xether.h --> icarus.uic.edu /homes/home11/niffat1/xether/include xether.h
2002.08.18 06:45 B c:\xether\include\xicmp.h --> icarus.uic.edu /homes/home11/niffat1/xether/include xicmp.h
2002.08.18 06:45 B c:\xether\include\xip.h --> icarus.uic.edu /homes/home11/niffat1/xether/include xip.h
2002.08.18 06:45 B c:\xether\include\xlayer.h --> icarus.uic.edu /homes/home11/niffat1/xether/include xlayer.h
2002.08.18 06:45 B c:\xether\include\xtcp.h --> icarus.uic.edu /homes/home11/niffat1/xether/include xtcp.h
2002.08.18 06:45 B c:\xether\include\xudp.h --> icarus.uic.edu /homes/home11/niffat1/xether/include xudp.h
