2002.08.16 19:14 B c:\xether\include\netinet\if_ether.h --> icarus.uic.edu /homes/home11/niffat1/xether/include/netinet if_ether.h
2002.08.16 19:14 B c:\xether\include\netinet\in_systm.h --> icarus.uic.edu /homes/home11/niffat1/xether/include/netinet in_systm.h
2002.08.16 19:14 B c:\xether\include\netinet\ip.h --> icarus.uic.edu /homes/home11/niffat1/xether/include/netinet ip.h
2002.08.16 19:14 B c:\xether\include\netinet\ip_icmp.h --> icarus.uic.edu /homes/home11/niffat1/xether/include/netinet ip_icmp.h
2002.08.16 19:14 B c:\xether\include\netinet\ip_var.h --> icarus.uic.edu /homes/home11/niffat1/xether/include/netinet ip_var.h
2002.08.16 19:14 B c:\xether\include\netinet\tcp.h --> icarus.uic.edu /homes/home11/niffat1/xether/include/netinet tcp.h
2002.08.16 19:14 B c:\xether\include\netinet\tcp_var.h --> icarus.uic.edu /homes/home11/niffat1/xether/include/netinet tcp_var.h
2002.08.16 19:14 B c:\xether\include\netinet\tcpip.h --> icarus.uic.edu /homes/home11/niffat1/xether/include/netinet tcpip.h
2002.08.16 19:14 B c:\xether\include\netinet\udp.h --> icarus.uic.edu /homes/home11/niffat1/xether/include/netinet udp.h
2002.08.16 19:14 B c:\xether\include\netinet\udp_var.h --> icarus.uic.edu /homes/home11/niffat1/xether/include/netinet udp_var.h
2002.08.18 06:41 B c:\xether\include\netinet\if_ether.h --> icarus.uic.edu /homes/home11/niffat1/xether/include/netinet if_ether.h
2002.08.18 06:41 B c:\xether\include\netinet\in_systm.h --> icarus.uic.edu /homes/home11/niffat1/xether/include/netinet in_systm.h
2002.08.18 06:41 B c:\xether\include\netinet\ip.h --> icarus.uic.edu /homes/home11/niffat1/xether/include/netinet ip.h
2002.08.18 06:41 B c:\xether\include\netinet\ip_icmp.h --> icarus.uic.edu /homes/home11/niffat1/xether/include/netinet ip_icmp.h
2002.08.18 06:41 B c:\xether\include\netinet\ip_var.h --> icarus.uic.edu /homes/home11/niffat1/xether/include/netinet ip_var.h
2002.08.18 06:41 B c:\xether\include\netinet\tcp.h --> icarus.uic.edu /homes/home11/niffat1/xether/include/netinet tcp.h
2002.08.18 06:41 B c:\xether\include\netinet\tcp_var.h --> icarus.uic.edu /homes/home11/niffat1/xether/include/netinet tcp_var.h
2002.08.18 06:41 B c:\xether\include\netinet\tcpip.h --> icarus.uic.edu /homes/home11/niffat1/xether/include/netinet tcpip.h
2002.08.18 06:41 B c:\xether\include\netinet\udp.h --> icarus.uic.edu /homes/home11/niffat1/xether/include/netinet udp.h
2002.08.18 06:41 B c:\xether\include\netinet\udp_var.h --> icarus.uic.edu /homes/home11/niffat1/xether/include/netinet udp_var.h
2002.08.18 06:41 B c:\xether\include\netinet\WS_FTP.LOG --> icarus.uic.edu /homes/home11/niffat1/xether/include/netinet WS_FTP.LOG
2002.08.18 06:45 B c:\xether\include\netinet\if_ether.h --> icarus.uic.edu /homes/home11/niffat1/xether/include/netinet if_ether.h
2002.08.18 06:45 B c:\xether\include\netinet\in_systm.h --> icarus.uic.edu /homes/home11/niffat1/xether/include/netinet in_systm.h
2002.08.18 06:45 B c:\xether\include\netinet\ip.h --> icarus.uic.edu /homes/home11/niffat1/xether/include/netinet ip.h
2002.08.18 06:45 B c:\xether\include\netinet\ip_icmp.h --> icarus.uic.edu /homes/home11/niffat1/xether/include/netinet ip_icmp.h
2002.08.18 06:45 B c:\xether\include\netinet\ip_var.h --> icarus.uic.edu /homes/home11/niffat1/xether/include/netinet ip_var.h
2002.08.18 06:45 B c:\xether\include\netinet\tcp.h --> icarus.uic.edu /homes/home11/niffat1/xether/include/netinet tcp.h
2002.08.18 06:45 B c:\xether\include\netinet\tcp_var.h --> icarus.uic.edu /homes/home11/niffat1/xether/include/netinet tcp_var.h
2002.08.18 06:45 B c:\xether\include\netinet\tcpip.h --> icarus.uic.edu /homes/home11/niffat1/xether/include/netinet tcpip.h
2002.08.18 06:45 B c:\xether\include\netinet\udp.h --> icarus.uic.edu /homes/home11/niffat1/xether/include/netinet udp.h
2002.08.18 06:45 B c:\xether\include\netinet\udp_var.h --> icarus.uic.edu /homes/home11/niffat1/xether/include/netinet udp_var.h
2002.08.18 06:45 B c:\xether\include\netinet\WS_FTP.LOG --> icarus.uic.edu /homes/home11/niffat1/xether/include/netinet WS_FTP.LOG
