C:\TMP\PERSONAL\XETH\XETH\DEBUG\PRNIF1.EXE
C:\TMP\PERSONAL\XETH\XETH\DEBUG\PRNIF1.ILK
C:\TMP\PERSONAL\XETH\XETH\DEBUG\PRNIF1.PDB
C:\tmp\personal\xeth\xeth\prnif1\Debug\cl.command.1.tlog
C:\tmp\personal\xeth\xeth\prnif1\Debug\CL.read.1.tlog
C:\tmp\personal\xeth\xeth\prnif1\Debug\CL.write.1.tlog
C:\tmp\personal\xeth\xeth\prnif1\Debug\link.14040.read.1.tlog
C:\tmp\personal\xeth\xeth\prnif1\Debug\link.14040.write.1.tlog
C:\tmp\personal\xeth\xeth\prnif1\Debug\link.14040-cvtres.read.1.tlog
C:\tmp\personal\xeth\xeth\prnif1\Debug\link.14040-cvtres.write.1.tlog
C:\tmp\personal\xeth\xeth\prnif1\Debug\link.command.1.tlog
C:\tmp\personal\xeth\xeth\prnif1\Debug\link.read.1.tlog
C:\tmp\personal\xeth\xeth\prnif1\Debug\link.write.1.tlog
C:\tmp\personal\xeth\xeth\prnif1\Debug\link-cvtres.read.1.tlog
C:\tmp\personal\xeth\xeth\prnif1\Debug\link-cvtres.write.1.tlog
C:\tmp\personal\xeth\xeth\prnif1\Debug\mt.command.1.tlog
C:\tmp\personal\xeth\xeth\prnif1\Debug\mt.read.1.tlog
C:\tmp\personal\xeth\xeth\prnif1\Debug\mt.write.1.tlog
C:\TMP\PERSONAL\XETH\XETH\PRNIF1\DEBUG\PRNIF.OBJ
C:\TMP\PERSONAL\XETH\XETH\PRNIF1\DEBUG\PRNIF1.EXE.EMBED.MANIFEST
C:\TMP\PERSONAL\XETH\XETH\PRNIF1\DEBUG\PRNIF1.EXE.EMBED.MANIFEST.RES
C:\TMP\PERSONAL\XETH\XETH\PRNIF1\DEBUG\PRNIF1.EXE.INTERMEDIATE.MANIFEST
C:\tmp\personal\xeth\xeth\prnif1\Debug\prnif1.write.1.tlog
C:\tmp\personal\xeth\xeth\prnif1\Debug\prnif1_manifest.rc
C:\tmp\personal\xeth\xeth\prnif1\Debug\rc.command.1.tlog
C:\tmp\personal\xeth\xeth\prnif1\Debug\rc.read.1.tlog
C:\tmp\personal\xeth\xeth\prnif1\Debug\rc.write.1.tlog
C:\tmp\personal\xeth\xeth\prnif1\Debug\vc100.idb
C:\TMP\PERSONAL\XETH\XETH\PRNIF1\DEBUG\VC100.PDB
