Build started 2/22/2013 12:20:45 PM.
     1>Project "C:\tmp\personal\xeth\xeth\prnif1\prnif1.vcxproj" on node 2 (build target(s)).
     1>InitializeBuildStatus:
         Creating "Debug\prnif1.unsuccessfulbuild" because "AlwaysCreate" was specified.
       ClCompile:
         All outputs are up-to-date.
       ManifestResourceCompile:
         All outputs are up-to-date.
       Link:
         c:\Program Files (x86)\Microsoft Visual Studio 10.0\VC\bin\link.exe /ERRORREPORT:PROMPT /OUT:"C:\tmp\personal\xeth\xeth\Debug\prnif1.exe" /INCREMENTAL /NOLOGO /LIBPATH:C:\tmp\personal\xeth\xeth\lib ../lib/packet.lib ws2_32.lib ../lib/xether.lib ../lib/wpcap.lib kernel32.lib user32.lib gdi32.lib winspool.lib comdlg32.lib advapi32.lib shell32.lib ole32.lib oleaut32.lib uuid.lib odbc32.lib odbccp32.lib /NODEFAULTLIB:libc.lib /MANIFEST /ManifestFile:"Debug\prnif1.exe.intermediate.manifest" /MANIFESTUAC:"level='asInvoker' uiAccess='false'" /DEBUG /PDB:"C:\tmp\personal\xeth\xeth\Debug\prnif1.pdb" /SUBSYSTEM:CONSOLE /TLBID:1 /DYNAMICBASE /NXCOMPAT /IMPLIB:"C:\tmp\personal\xeth\xeth\Debug\prnif1.lib" /MACHINE:X86 Debug\prnif1.exe.embed.manifest.res
         Debug\seq.obj
     1>LINK : warning LNK4098: defaultlib 'LIBCMTD' conflicts with use of other libs; use /NODEFAULTLIB:library
       Manifest:
         C:\Program Files (x86)\Microsoft SDKs\Windows\v7.0A\bin\mt.exe /nologo /verbose /out:"Debug\prnif1.exe.embed.manifest" /manifest Debug\prnif1.exe.intermediate.manifest
         All outputs are up-to-date.
       LinkEmbedManifest:
         All outputs are up-to-date.
         prnif1.vcxproj -> C:\tmp\personal\xeth\xeth\Debug\prnif1.exe
       FinalizeBuildStatus:
         Deleting file "Debug\prnif1.unsuccessfulbuild".
         Touching "Debug\prnif1.lastbuildstate".
     1>Done Building Project "C:\tmp\personal\xeth\xeth\prnif1\prnif1.vcxproj" (build target(s)).

Build succeeded.

Time Elapsed 00:00:00.69
