2002.08.16 19:15 B c:\xether\src\datalink.c --> icarus.uic.edu /homes/home11/niffat1/xether/src datalink.c
2002.08.16 19:15 B c:\xether\src\ipaddr.c --> icarus.uic.edu /homes/home11/niffat1/xether/src ipaddr.c
2002.08.16 19:15 B c:\xether\src\macaddr.c --> icarus.uic.edu /homes/home11/niffat1/xether/src macaddr.c
2002.08.16 19:15 B c:\xether\src\print-ascii.c --> icarus.uic.edu /homes/home11/niffat1/xether/src print-ascii.c
2002.08.16 19:15 B c:\xether\src\xapp.c --> icarus.uic.edu /homes/home11/niffat1/xether/src xapp.c
2002.08.16 19:15 B c:\xether\src\xarp.c --> icarus.uic.edu /homes/home11/niffat1/xether/src xarp.c
2002.08.16 19:15 B c:\xether\src\xether.c --> icarus.uic.edu /homes/home11/niffat1/xether/src xether.c
2002.08.16 19:15 B c:\xether\src\xicmp.c --> icarus.uic.edu /homes/home11/niffat1/xether/src xicmp.c
2002.08.16 19:15 B c:\xether\src\xip.c --> icarus.uic.edu /homes/home11/niffat1/xether/src xip.c
2002.08.16 19:15 B c:\xether\src\xlayer.c --> icarus.uic.edu /homes/home11/niffat1/xether/src xlayer.c
2002.08.16 19:15 B c:\xether\src\xtcp.c --> icarus.uic.edu /homes/home11/niffat1/xether/src xtcp.c
2002.08.16 19:15 B c:\xether\src\xudp.c --> icarus.uic.edu /homes/home11/niffat1/xether/src xudp.c
2002.08.18 06:42 B c:\xether\src\datalink.c --> icarus.uic.edu /homes/home11/niffat1/xether/src datalink.c
2002.08.18 06:42 B c:\xether\src\ipaddr.c --> icarus.uic.edu /homes/home11/niffat1/xether/src ipaddr.c
2002.08.18 06:42 B c:\xether\src\macaddr.c --> icarus.uic.edu /homes/home11/niffat1/xether/src macaddr.c
2002.08.18 06:42 B c:\xether\src\print-ascii.c --> icarus.uic.edu /homes/home11/niffat1/xether/src print-ascii.c
2002.08.18 06:42 B c:\xether\src\WS_FTP.LOG --> icarus.uic.edu /homes/home11/niffat1/xether/src WS_FTP.LOG
2002.08.18 06:42 B c:\xether\src\xapp.c --> icarus.uic.edu /homes/home11/niffat1/xether/src xapp.c
2002.08.18 06:42 B c:\xether\src\xarp.c --> icarus.uic.edu /homes/home11/niffat1/xether/src xarp.c
2002.08.18 06:42 B c:\xether\src\xether.c --> icarus.uic.edu /homes/home11/niffat1/xether/src xether.c
2002.08.18 06:42 B c:\xether\src\xicmp.c --> icarus.uic.edu /homes/home11/niffat1/xether/src xicmp.c
2002.08.18 06:42 B c:\xether\src\xip.c --> icarus.uic.edu /homes/home11/niffat1/xether/src xip.c
2002.08.18 06:42 B c:\xether\src\xlayer.c --> icarus.uic.edu /homes/home11/niffat1/xether/src xlayer.c
2002.08.18 06:42 B c:\xether\src\xtcp.c --> icarus.uic.edu /homes/home11/niffat1/xether/src xtcp.c
2002.08.18 06:42 B c:\xether\src\xudp.c --> icarus.uic.edu /homes/home11/niffat1/xether/src xudp.c
2002.08.18 06:45 B c:\xether\src\datalink.c --> icarus.uic.edu /homes/home11/niffat1/xether/src datalink.c
2002.08.18 06:45 B c:\xether\src\ipaddr.c --> icarus.uic.edu /homes/home11/niffat1/xether/src ipaddr.c
2002.08.18 06:45 B c:\xether\src\macaddr.c --> icarus.uic.edu /homes/home11/niffat1/xether/src macaddr.c
2002.08.18 06:45 B c:\xether\src\print-ascii.c --> icarus.uic.edu /homes/home11/niffat1/xether/src print-ascii.c
2002.08.18 06:45 B c:\xether\src\WS_FTP.LOG --> icarus.uic.edu /homes/home11/niffat1/xether/src WS_FTP.LOG
2002.08.18 06:45 B c:\xether\src\xapp.c --> icarus.uic.edu /homes/home11/niffat1/xether/src xapp.c
2002.08.18 06:45 B c:\xether\src\xarp.c --> icarus.uic.edu /homes/home11/niffat1/xether/src xarp.c
2002.08.18 06:45 B c:\xether\src\xether.c --> icarus.uic.edu /homes/home11/niffat1/xether/src xether.c
2002.08.18 06:45 B c:\xether\src\xicmp.c --> icarus.uic.edu /homes/home11/niffat1/xether/src xicmp.c
2002.08.18 06:45 B c:\xether\src\xip.c --> icarus.uic.edu /homes/home11/niffat1/xether/src xip.c
2002.08.18 06:45 B c:\xether\src\xlayer.c --> icarus.uic.edu /homes/home11/niffat1/xether/src xlayer.c
2002.08.18 06:45 B c:\xether\src\xtcp.c --> icarus.uic.edu /homes/home11/niffat1/xether/src xtcp.c
2002.08.18 06:45 B c:\xether\src\xudp.c --> icarus.uic.edu /homes/home11/niffat1/xether/src xudp.c
