C:\tmp\personal\xeth\xeth\.\Debug\xether.lib
C:\tmp\personal\xeth\xeth\Debug\cl.command.1.tlog
C:\tmp\personal\xeth\xeth\Debug\CL.read.1.tlog
C:\tmp\personal\xeth\xeth\Debug\CL.write.1.tlog
C:\TMP\PERSONAL\XETH\XETH\DEBUG\DATALINK.OBJ
C:\TMP\PERSONAL\XETH\XETH\DEBUG\IPADDR.OBJ
C:\tmp\personal\xeth\xeth\Debug\lib.command.1.tlog
C:\tmp\personal\xeth\xeth\Debug\Lib-link.read.1.tlog
C:\tmp\personal\xeth\xeth\Debug\Lib-link.write.1.tlog
C:\TMP\PERSONAL\XETH\XETH\DEBUG\MACADDR.OBJ
C:\TMP\PERSONAL\XETH\XETH\DEBUG\PRINT-ASCII.OBJ
C:\tmp\personal\xeth\xeth\Debug\prnif1.ilk
C:\tmp\personal\xeth\xeth\Debug\prnif1.pdb
C:\tmp\personal\xeth\xeth\Debug\vc100.idb
C:\TMP\PERSONAL\XETH\XETH\DEBUG\VC100.PDB
C:\tmp\personal\xeth\xeth\Debug\vc70.idb
C:\tmp\personal\xeth\xeth\Debug\vc70.pdb
C:\TMP\PERSONAL\XETH\XETH\DEBUG\XAPP.OBJ
C:\TMP\PERSONAL\XETH\XETH\DEBUG\XARP.OBJ
C:\TMP\PERSONAL\XETH\XETH\DEBUG\XDHCP.OBJ
C:\TMP\PERSONAL\XETH\XETH\DEBUG\XETHER.OBJ
C:\tmp\personal\xeth\xeth\Debug\xether.pch
C:\tmp\personal\xeth\xeth\Debug\xether.write.1.tlog
C:\TMP\PERSONAL\XETH\XETH\DEBUG\XICMP.OBJ
C:\TMP\PERSONAL\XETH\XETH\DEBUG\XIP.OBJ
C:\TMP\PERSONAL\XETH\XETH\DEBUG\XLAYER.OBJ
C:\TMP\PERSONAL\XETH\XETH\DEBUG\XTCP.OBJ
C:\TMP\PERSONAL\XETH\XETH\DEBUG\XUDP.OBJ
C:\TMP\PERSONAL\XETH\XETH\LIB\XETHER.LIB
